<?xml version="1.0" encoding="UTF-8"?>
<!-- Generated by org.testng.reporters.JUnitReportReporter -->
<testsuite hostname="360PC124" name="main.java.TestClass" tests="1" failures="0" timestamp="8 Dec 2016 06:40:29 GMT" time="0.021" errors="0">
  <testcase name="a" time="0.021" classname="main.java.TestClass"/>
</testsuite> <!-- main.java.TestClass -->
