<?xml version="1.0" encoding="UTF-8"?>
<!-- Generated by org.testng.reporters.JUnitReportReporter -->
<testsuite hostname="360PC124" name="com.giraffic.testscripts.TestingOnDifferentApp" tests="6" failures="0" timestamp="20 Dec 2016 09:00:22 GMT" time="108.403" errors="0">
  <testcase name="testingOnDifferentApp" time="107.238" classname="com.giraffic.testscripts.TestingOnDifferentApp"/>
  <testcase name="testingOnDifferentApp" time="0.000" classname="com.giraffic.testscripts.TestingOnDifferentApp"/>
  <testcase name="testingOnDifferentApp" time="1.135" classname="com.giraffic.testscripts.TestingOnDifferentApp"/>
  <testcase name="testingOnDifferentApp" time="0.000" classname="com.giraffic.testscripts.TestingOnDifferentApp"/>
  <testcase name="testingOnDifferentApp" time="0.020" classname="com.giraffic.testscripts.TestingOnDifferentApp"/>
  <testcase name="testingOnDifferentApp" time="0.010" classname="com.giraffic.testscripts.TestingOnDifferentApp"/>
</testsuite> <!-- com.giraffic.testscripts.TestingOnDifferentApp -->
