<?xml version="1.0" encoding="UTF-8"?>
<!-- Generated by org.testng.reporters.JUnitReportReporter -->
<testsuite hostname="360LP048" name="com.giraffic.testscripts.TestingOnDifferentApp" tests="6" failures="0" timestamp="19 Dec 2016 06:02:54 GMT" time="351.191" errors="0">
  <testcase name="testingOnDifferentApp" time="1.453" classname="com.giraffic.testscripts.TestingOnDifferentApp"/>
  <testcase name="testingOnDifferentApp" time="0.001" classname="com.giraffic.testscripts.TestingOnDifferentApp"/>
  <testcase name="testingOnDifferentApp" time="0.970" classname="com.giraffic.testscripts.TestingOnDifferentApp"/>
  <testcase name="testingOnDifferentApp" time="51.093" classname="com.giraffic.testscripts.TestingOnDifferentApp"/>
  <testcase name="testingOnDifferentApp" time="0.005" classname="com.giraffic.testscripts.TestingOnDifferentApp"/>
  <testcase name="testingOnDifferentApp" time="297.669" classname="com.giraffic.testscripts.TestingOnDifferentApp"/>
</testsuite> <!-- com.giraffic.testscripts.TestingOnDifferentApp -->
